<?xml version="1.0" encoding="UTF-8"?>
<!-- Generated by org.testng.reporters.JUnitXMLReporter -->
<testsuite ignored="0" hostname="DESKTOP-EU9M2QA" failures="1" tests="4" name="ArchanaSutarAutomationProject" time="1.565" errors="0" timestamp="2022-08-09T16:14:08 IST">
  <testcase classname="dataprovider.ReportsExtentClassExample" name="testcaseA" time="0.044"/>
  <testcase classname="dataprovider.ReportsExtentClassExample" name="testcaseB" time="0.005"/>
  <testcase classname="dataprovider.ReportsExtentClassExample" name="testcaseC" time="0.008"/>
  <testcase classname="dataprovider.ReportsExtentClassExample" name="testcaseD" time="0.002">
    <failure type="java.lang.AssertionError" message="expected [true] but found [false]">
      <![CDATA[java.lang.AssertionError: expected [true] but found [false]
at dataprovider.ReportsExtentClassExample.testcaseD(ReportsExtentClassExample.java:43)
at java.base/java.util.ArrayList.forEach(ArrayList.java:1540)
... Removed 30 stack frames]]>
    </failure>
  </testcase> <!-- testcaseD -->
</testsuite> <!-- ArchanaSutarAutomationProject -->
